Spark Command: /usr/lib/jvm/java-8-openjdk-amd64/jre/bin/java -cp /opt/spark-2.3.4-bin-hadoop2.7/conf/:/opt/spark-2.3.4-bin-hadoop2.7/jars/* -Xmx1g org.apache.spark.deploy.master.Master --host ed743705614e --port 7077 --webui-port 8080
========================================
2021-08-12 18:33:41 INFO  Master:2612 - Started daemon with process name: 1626@ed743705614e
2021-08-12 18:33:41 INFO  SignalUtils:54 - Registered signal handler for TERM
2021-08-12 18:33:41 INFO  SignalUtils:54 - Registered signal handler for HUP
2021-08-12 18:33:41 INFO  SignalUtils:54 - Registered signal handler for INT
2021-08-12 18:33:43 WARN  NativeCodeLoader:62 - Unable to load native-hadoop library for your platform... using builtin-java classes where applicable
2021-08-12 18:33:44 INFO  SecurityManager:54 - Changing view acls to: root
2021-08-12 18:33:44 INFO  SecurityManager:54 - Changing modify acls to: root
2021-08-12 18:33:44 INFO  SecurityManager:54 - Changing view acls groups to: 
2021-08-12 18:33:44 INFO  SecurityManager:54 - Changing modify acls groups to: 
2021-08-12 18:33:44 INFO  SecurityManager:54 - SecurityManager: authentication disabled; ui acls disabled; users  with view permissions: Set(root); groups with view permissions: Set(); users  with modify permissions: Set(root); groups with modify permissions: Set()
2021-08-12 18:33:45 INFO  Utils:54 - Successfully started service 'sparkMaster' on port 7077.
2021-08-12 18:33:46 INFO  Master:54 - Starting Spark master at spark://ed743705614e:7077
2021-08-12 18:33:46 INFO  Master:54 - Running Spark version 2.3.4
2021-08-12 18:33:46 INFO  log:192 - Logging initialized @7435ms
2021-08-12 18:33:46 INFO  Server:351 - jetty-9.3.z-SNAPSHOT, build timestamp: unknown, git hash: unknown
2021-08-12 18:33:46 INFO  Server:419 - Started @7671ms
2021-08-12 18:33:46 INFO  AbstractConnector:278 - Started ServerConnector@2c3989df{HTTP/1.1,[http/1.1]}{0.0.0.0:8080}
2021-08-12 18:33:46 INFO  Utils:54 - Successfully started service 'MasterUI' on port 8080.
2021-08-12 18:33:46 INFO  ContextHandler:781 - Started o.s.j.s.ServletContextHandler@620d3ea3{/app,null,AVAILABLE,@Spark}
2021-08-12 18:33:46 INFO  ContextHandler:781 - Started o.s.j.s.ServletContextHandler@ceaa20a{/app/json,null,AVAILABLE,@Spark}
2021-08-12 18:33:46 INFO  ContextHandler:781 - Started o.s.j.s.ServletContextHandler@63b6076a{/,null,AVAILABLE,@Spark}
2021-08-12 18:33:46 INFO  ContextHandler:781 - Started o.s.j.s.ServletContextHandler@216edd31{/json,null,AVAILABLE,@Spark}
2021-08-12 18:33:46 INFO  ContextHandler:781 - Started o.s.j.s.ServletContextHandler@78cdc1e4{/static,null,AVAILABLE,@Spark}
2021-08-12 18:33:46 INFO  ContextHandler:781 - Started o.s.j.s.ServletContextHandler@7942e915{/app/kill,null,AVAILABLE,@Spark}
2021-08-12 18:33:46 INFO  ContextHandler:781 - Started o.s.j.s.ServletContextHandler@49edf6b1{/driver/kill,null,AVAILABLE,@Spark}
2021-08-12 18:33:46 INFO  MasterWebUI:54 - Bound MasterWebUI to 0.0.0.0, and started at http://ed743705614e:8080
2021-08-12 18:33:47 INFO  Server:351 - jetty-9.3.z-SNAPSHOT, build timestamp: unknown, git hash: unknown
2021-08-12 18:33:47 INFO  ContextHandler:781 - Started o.s.j.s.ServletContextHandler@4b42ebc4{/,null,AVAILABLE}
2021-08-12 18:33:47 INFO  AbstractConnector:278 - Started ServerConnector@25485d7d{HTTP/1.1,[http/1.1]}{ed743705614e:6066}
2021-08-12 18:33:47 INFO  Server:419 - Started @8246ms
2021-08-12 18:33:47 INFO  Utils:54 - Successfully started service on port 6066.
2021-08-12 18:33:47 INFO  StandaloneRestServer:54 - Started REST server for submitting applications on port 6066
2021-08-12 18:33:47 INFO  ContextHandler:781 - Started o.s.j.s.ServletContextHandler@3bfe1ca6{/metrics/master/json,null,AVAILABLE,@Spark}
2021-08-12 18:33:47 INFO  ContextHandler:781 - Started o.s.j.s.ServletContextHandler@3a546e4b{/metrics/applications/json,null,AVAILABLE,@Spark}
2021-08-12 18:33:47 INFO  Master:54 - I have been elected leader! New state: ALIVE
2021-08-12 18:35:04 INFO  Master:54 - Registering worker 172.18.0.2:38309 with 2 cores, 6.3 GB RAM
