Spark Command: /usr/lib/jvm/java-8-openjdk-amd64/jre/bin/java -cp /opt/spark-2.3.4-bin-hadoop2.7/conf/:/opt/spark-2.3.4-bin-hadoop2.7/jars/* -Xmx1g org.apache.spark.deploy.worker.Worker --webui-port 8081 spark://ed743705614e:7077
========================================
2021-08-12 18:34:57 INFO  Worker:2612 - Started daemon with process name: 1692@ed743705614e
2021-08-12 18:34:57 INFO  SignalUtils:54 - Registered signal handler for TERM
2021-08-12 18:34:57 INFO  SignalUtils:54 - Registered signal handler for HUP
2021-08-12 18:34:57 INFO  SignalUtils:54 - Registered signal handler for INT
2021-08-12 18:34:59 WARN  NativeCodeLoader:62 - Unable to load native-hadoop library for your platform... using builtin-java classes where applicable
2021-08-12 18:34:59 INFO  SecurityManager:54 - Changing view acls to: root
2021-08-12 18:34:59 INFO  SecurityManager:54 - Changing modify acls to: root
2021-08-12 18:34:59 INFO  SecurityManager:54 - Changing view acls groups to: 
2021-08-12 18:34:59 INFO  SecurityManager:54 - Changing modify acls groups to: 
2021-08-12 18:34:59 INFO  SecurityManager:54 - SecurityManager: authentication disabled; ui acls disabled; users  with view permissions: Set(root); groups with view permissions: Set(); users  with modify permissions: Set(root); groups with modify permissions: Set()
2021-08-12 18:35:01 INFO  Utils:54 - Successfully started service 'sparkWorker' on port 38309.
2021-08-12 18:35:01 INFO  Worker:54 - Starting Spark worker 172.18.0.2:38309 with 2 cores, 6.3 GB RAM
2021-08-12 18:35:01 INFO  Worker:54 - Running Spark version 2.3.4
2021-08-12 18:35:01 INFO  Worker:54 - Spark home: /opt/spark-2.3.4-bin-hadoop2.7
2021-08-12 18:35:02 INFO  log:192 - Logging initialized @7283ms
2021-08-12 18:35:02 INFO  Server:351 - jetty-9.3.z-SNAPSHOT, build timestamp: unknown, git hash: unknown
2021-08-12 18:35:02 INFO  Server:419 - Started @7565ms
2021-08-12 18:35:02 WARN  Utils:66 - Service 'WorkerUI' could not bind on port 8081. Attempting port 8082.
2021-08-12 18:35:02 WARN  Utils:66 - Service 'WorkerUI' could not bind on port 8082. Attempting port 8083.
2021-08-12 18:35:02 WARN  Utils:66 - Service 'WorkerUI' could not bind on port 8083. Attempting port 8084.
2021-08-12 18:35:02 INFO  AbstractConnector:278 - Started ServerConnector@342408e6{HTTP/1.1,[http/1.1]}{0.0.0.0:8084}
2021-08-12 18:35:02 INFO  Utils:54 - Successfully started service 'WorkerUI' on port 8084.
2021-08-12 18:35:02 INFO  ContextHandler:781 - Started o.s.j.s.ServletContextHandler@387f1a31{/logPage,null,AVAILABLE,@Spark}
2021-08-12 18:35:02 INFO  ContextHandler:781 - Started o.s.j.s.ServletContextHandler@50c51e28{/logPage/json,null,AVAILABLE,@Spark}
2021-08-12 18:35:02 INFO  ContextHandler:781 - Started o.s.j.s.ServletContextHandler@c750944{/,null,AVAILABLE,@Spark}
2021-08-12 18:35:02 INFO  ContextHandler:781 - Started o.s.j.s.ServletContextHandler@73c06684{/json,null,AVAILABLE,@Spark}
2021-08-12 18:35:02 INFO  ContextHandler:781 - Started o.s.j.s.ServletContextHandler@b8c128a{/static,null,AVAILABLE,@Spark}
2021-08-12 18:35:02 INFO  ContextHandler:781 - Started o.s.j.s.ServletContextHandler@298c1952{/log,null,AVAILABLE,@Spark}
2021-08-12 18:35:02 INFO  WorkerWebUI:54 - Bound WorkerWebUI to 0.0.0.0, and started at http://ed743705614e:8084
2021-08-12 18:35:02 INFO  Worker:54 - Connecting to master ed743705614e:7077...
2021-08-12 18:35:02 INFO  ContextHandler:781 - Started o.s.j.s.ServletContextHandler@7ca416cf{/metrics/json,null,AVAILABLE,@Spark}
2021-08-12 18:35:03 INFO  TransportClientFactory:267 - Successfully created connection to ed743705614e/172.18.0.2:7077 after 179 ms (0 ms spent in bootstraps)
2021-08-12 18:35:04 INFO  Worker:54 - Successfully registered with master spark://ed743705614e:7077
