Spark Command: /usr/lib/jvm/java-8-openjdk-amd64/jre/bin/java -cp /opt/spark-2.3.4-bin-hadoop2.7/conf/:/opt/spark-2.3.4-bin-hadoop2.7/jars/* -Xmx1g org.apache.spark.deploy.master.Master --host 618851de4926 --port 7077 --webui-port 8080
========================================
2021-08-10 12:57:39 INFO  Master:2612 - Started daemon with process name: 1630@618851de4926
2021-08-10 12:57:39 INFO  SignalUtils:54 - Registered signal handler for TERM
2021-08-10 12:57:39 INFO  SignalUtils:54 - Registered signal handler for HUP
2021-08-10 12:57:39 INFO  SignalUtils:54 - Registered signal handler for INT
2021-08-10 12:57:41 WARN  NativeCodeLoader:62 - Unable to load native-hadoop library for your platform... using builtin-java classes where applicable
2021-08-10 12:57:42 INFO  SecurityManager:54 - Changing view acls to: root
2021-08-10 12:57:42 INFO  SecurityManager:54 - Changing modify acls to: root
2021-08-10 12:57:42 INFO  SecurityManager:54 - Changing view acls groups to: 
2021-08-10 12:57:42 INFO  SecurityManager:54 - Changing modify acls groups to: 
2021-08-10 12:57:42 INFO  SecurityManager:54 - SecurityManager: authentication disabled; ui acls disabled; users  with view permissions: Set(root); groups with view permissions: Set(); users  with modify permissions: Set(root); groups with modify permissions: Set()
2021-08-10 12:57:44 INFO  Utils:54 - Successfully started service 'sparkMaster' on port 7077.
2021-08-10 12:57:45 INFO  Master:54 - Starting Spark master at spark://618851de4926:7077
2021-08-10 12:57:45 INFO  Master:54 - Running Spark version 2.3.4
2021-08-10 12:57:45 INFO  log:192 - Logging initialized @8706ms
2021-08-10 12:57:45 INFO  Server:351 - jetty-9.3.z-SNAPSHOT, build timestamp: unknown, git hash: unknown
2021-08-10 12:57:45 INFO  Server:419 - Started @9210ms
2021-08-10 12:57:46 INFO  AbstractConnector:278 - Started ServerConnector@eac785e{HTTP/1.1,[http/1.1]}{0.0.0.0:8080}
2021-08-10 12:57:46 INFO  Utils:54 - Successfully started service 'MasterUI' on port 8080.
2021-08-10 12:57:46 INFO  ContextHandler:781 - Started o.s.j.s.ServletContextHandler@5a410dbf{/app,null,AVAILABLE,@Spark}
2021-08-10 12:57:46 INFO  ContextHandler:781 - Started o.s.j.s.ServletContextHandler@41cfb3bf{/app/json,null,AVAILABLE,@Spark}
2021-08-10 12:57:46 INFO  ContextHandler:781 - Started o.s.j.s.ServletContextHandler@3339ac19{/,null,AVAILABLE,@Spark}
2021-08-10 12:57:46 INFO  ContextHandler:781 - Started o.s.j.s.ServletContextHandler@1556e1b2{/json,null,AVAILABLE,@Spark}
2021-08-10 12:57:46 INFO  ContextHandler:781 - Started o.s.j.s.ServletContextHandler@2938eaec{/static,null,AVAILABLE,@Spark}
2021-08-10 12:57:46 INFO  ContextHandler:781 - Started o.s.j.s.ServletContextHandler@4fc31b4c{/app/kill,null,AVAILABLE,@Spark}
2021-08-10 12:57:46 INFO  ContextHandler:781 - Started o.s.j.s.ServletContextHandler@75131cb8{/driver/kill,null,AVAILABLE,@Spark}
2021-08-10 12:57:46 INFO  MasterWebUI:54 - Bound MasterWebUI to 0.0.0.0, and started at http://618851de4926:8080
2021-08-10 12:57:46 INFO  Server:351 - jetty-9.3.z-SNAPSHOT, build timestamp: unknown, git hash: unknown
2021-08-10 12:57:46 INFO  ContextHandler:781 - Started o.s.j.s.ServletContextHandler@63034d2e{/,null,AVAILABLE}
2021-08-10 12:57:46 INFO  AbstractConnector:278 - Started ServerConnector@5d50abc8{HTTP/1.1,[http/1.1]}{618851de4926:6066}
2021-08-10 12:57:46 INFO  Server:419 - Started @9819ms
2021-08-10 12:57:46 INFO  Utils:54 - Successfully started service on port 6066.
2021-08-10 12:57:46 INFO  StandaloneRestServer:54 - Started REST server for submitting applications on port 6066
2021-08-10 12:57:47 INFO  ContextHandler:781 - Started o.s.j.s.ServletContextHandler@75ab0e53{/metrics/master/json,null,AVAILABLE,@Spark}
2021-08-10 12:57:47 INFO  ContextHandler:781 - Started o.s.j.s.ServletContextHandler@32a34333{/metrics/applications/json,null,AVAILABLE,@Spark}
2021-08-10 12:57:47 INFO  Master:54 - I have been elected leader! New state: ALIVE
2021-08-10 13:00:05 INFO  Master:54 - Registering worker 172.18.0.2:35133 with 2 cores, 6.3 GB RAM
